Determining if the pthread_create exist failed with the following output:
Change Dir: /home/divya/catkin_ws/build/CMakeFiles/CMakeTmp

Run Build Command:"/usr/bin/make" "cmTC_7f0ac/fast"
/usr/bin/make -f CMakeFiles/cmTC_7f0ac.dir/build.make CMakeFiles/cmTC_7f0ac.dir/build
make[1]: Entering directory '/home/divya/catkin_ws/build/CMakeFiles/CMakeTmp'
Building C object CMakeFiles/cmTC_7f0ac.dir/CheckSymbolExists.c.o
/usr/bin/cc     -o CMakeFiles/cmTC_7f0ac.dir/CheckSymbolExists.c.o   -c /home/divya/catkin_ws/build/CMakeFiles/CMakeTmp/CheckSymbolExists.c
Linking C executable cmTC_7f0ac
/usr/bin/cmake -E cmake_link_script CMakeFiles/cmTC_7f0ac.dir/link.txt --verbose=1
/usr/bin/cc       CMakeFiles/cmTC_7f0ac.dir/CheckSymbolExists.c.o  -o cmTC_7f0ac -rdynamic 
CMakeFiles/cmTC_7f0ac.dir/CheckSymbolExists.c.o: In function `main':
CheckSymbolExists.c:(.text+0x16): undefined reference to `pthread_create'
collect2: error: ld returned 1 exit status
CMakeFiles/cmTC_7f0ac.dir/build.make:97: recipe for target 'cmTC_7f0ac' failed
make[1]: *** [cmTC_7f0ac] Error 1
make[1]: Leaving directory '/home/divya/catkin_ws/build/CMakeFiles/CMakeTmp'
Makefile:126: recipe for target 'cmTC_7f0ac/fast' failed
make: *** [cmTC_7f0ac/fast] Error 2

File /home/divya/catkin_ws/build/CMakeFiles/CMakeTmp/CheckSymbolExists.c:
/* */
#include <pthread.h>

int main(int argc, char** argv)
{
  (void)argv;
#ifndef pthread_create
  return ((int*)(&pthread_create))[argc];
#else
  (void)argc;
  return 0;
#endif
}

Determining if the function pthread_create exists in the pthreads failed with the following output:
Change Dir: /home/divya/catkin_ws/build/CMakeFiles/CMakeTmp

Run Build Command:"/usr/bin/make" "cmTC_f45fc/fast"
/usr/bin/make -f CMakeFiles/cmTC_f45fc.dir/build.make CMakeFiles/cmTC_f45fc.dir/build
make[1]: Entering directory '/home/divya/catkin_ws/build/CMakeFiles/CMakeTmp'
Building C object CMakeFiles/cmTC_f45fc.dir/CheckFunctionExists.c.o
/usr/bin/cc    -DCHECK_FUNCTION_EXISTS=pthread_create   -o CMakeFiles/cmTC_f45fc.dir/CheckFunctionExists.c.o   -c /usr/share/cmake-3.5/Modules/CheckFunctionExists.c
Linking C executable cmTC_f45fc
/usr/bin/cmake -E cmake_link_script CMakeFiles/cmTC_f45fc.dir/link.txt --verbose=1
/usr/bin/cc   -DCHECK_FUNCTION_EXISTS=pthread_create    CMakeFiles/cmTC_f45fc.dir/CheckFunctionExists.c.o  -o cmTC_f45fc -rdynamic -lpthreads 
/usr/bin/ld: cannot find -lpthreads
collect2: error: ld returned 1 exit status
CMakeFiles/cmTC_f45fc.dir/build.make:97: recipe for target 'cmTC_f45fc' failed
make[1]: *** [cmTC_f45fc] Error 1
make[1]: Leaving directory '/home/divya/catkin_ws/build/CMakeFiles/CMakeTmp'
Makefile:126: recipe for target 'cmTC_f45fc/fast' failed
make: *** [cmTC_f45fc/fast] Error 2


